<?xml version="1.0" encoding="UTF-8"?>
<!-- Generated by org.testng.reporters.JUnitReportReporter -->
<testsuite skipped="0" hostname="DESKTOP-E7LNI65" name="com.model.MavenDemoWithTestNg.MavenDemo" tests="3" failures="0" timestamp="02 May 2019 11:16:33 GMT" time="53.540" errors="0">
  <testcase name="loginwithvalidds" time="48.937" classname="com.model.MavenDemoWithTestNg.MavenDemo"/>
  <testcase name="verifySignonpage" time="0.829" classname="com.model.MavenDemoWithTestNg.MavenDemo"/>
  <testcase name="loginwithinvalidds" time="3.774" classname="com.model.MavenDemoWithTestNg.MavenDemo"/>
</testsuite> <!-- com.model.MavenDemoWithTestNg.MavenDemo -->
